<?xml version="1.0" encoding="UTF-8"?>
<!-- Generated by org.testng.reporters.JUnitReportReporter -->
<testsuite hostname="DESKTOP-GJI5FHA" failures="0" tests="1" name="RunCucumber" time="6.110" errors="0" timestamp="2021-04-30T14:27:08 COT" skipped="0">
  <testcase classname="RunCucumber" name="runScenario" time="6.110"/>
  <system-out/>
</testsuite> <!-- RunCucumber -->
