<?xml version="1.0" encoding="UTF-8"?>
<!-- Generated by org.testng.reporters.JUnitReportReporter -->
<testsuite hostname="DESKTOP-GJI5FHA" failures="0" tests="1" name="RunCukesTest" time="5.388" errors="0" timestamp="2021-04-30T14:31:49 COT" skipped="0">
  <testcase classname="RunCukesTest" name="runScenario" time="5.388"/>
  <system-out/>
</testsuite> <!-- RunCukesTest -->
